2016-11-20 13:14:22 [INFO] [Multiverse-Core] - Version 2.4-b527 (API v14) Enabled - By Rigby, fernferret, lithium3141 and main--
2016-11-20 13:14:22 [INFO] [Multiverse-Core] Loading World & Settings - 'world' - Env: NORMAL - Type: NORMAL & seed: 8054917611563007154
2016-11-20 13:14:22 [INFO] [Multiverse-Core] Loading World & Settings - 'world_nether' - Env: NETHER - Type: NORMAL & seed: 8054917611563007154
2016-11-20 13:14:22 [INFO] [Multiverse-Core] Loading World & Settings - 'world_the_end' - Env: THE_END - Type: NORMAL & seed: 8054917611563007154
2016-11-20 13:14:22 [INFO] [Multiverse-Core] Loading World & Settings - 'world' - Env: NORMAL - Type: NORMAL & seed: 8054917611563007154
2016-11-20 13:14:22 [INFO] [Multiverse-Core] Loading World & Settings - 'world_nether' - Env: NETHER - Type: NORMAL & seed: 8054917611563007154
2016-11-20 13:14:22 [INFO] [Multiverse-Core] Loading World & Settings - 'world_the_end' - Env: THE_END - Type: NORMAL & seed: 8054917611563007154
2016-11-20 13:14:23 [INFO] [Multiverse-Core] 3 - World(s) loaded.
2016-11-20 13:14:26 [INFO] [Multiverse-Core] - Version 2.4-b527 (API v14) Enabled - By Rigby, fernferret, lithium3141 and main--
2016-11-20 13:14:27 [INFO] [Multiverse-Core] Loading World & Settings - 'world' - Env: NORMAL - Type: NORMAL & seed: 8054917611563007154
2016-11-20 13:14:27 [INFO] [Multiverse-Core] Loading World & Settings - 'world_nether' - Env: NETHER - Type: NORMAL & seed: 8054917611563007154
2016-11-20 13:14:27 [INFO] [Multiverse-Core] Loading World & Settings - 'world_the_end' - Env: THE_END - Type: NORMAL & seed: 8054917611563007154
2016-11-20 13:14:27 [INFO] [Multiverse-Core] 3 - World(s) loaded.
2016-11-20 13:21:47 [INFO] [Multiverse-Core] - Version 2.4-b527 (API v14) Enabled - By Rigby, fernferret, lithium3141 and main--
2016-11-20 13:21:47 [INFO] [Multiverse-Core] Loading World & Settings - 'world' - Env: NORMAL - Type: NORMAL & seed: 8054917611563007154
2016-11-20 13:21:47 [WARNING] [Multiverse-Core] Spawn location from world.dat file was unsafe. Adjusting...
2016-11-20 13:21:47 [WARNING] [Multiverse-Core] Original Location: X: -723 Y: 63 Z: -1,110 P: 0 Y: 0 
2016-11-20 13:21:47 [INFO] [Multiverse-Core] New Spawn for 'world' is Located at: world:-721.50,63.00,-1109.50:0.00:0.00
2016-11-20 13:21:47 [INFO] [Multiverse-Core] Loading World & Settings - 'world_nether' - Env: NETHER - Type: NORMAL & seed: 8054917611563007154
2016-11-20 13:21:47 [INFO] [Multiverse-Core] Loading World & Settings - 'world_the_end' - Env: THE_END - Type: NORMAL & seed: 8054917611563007154
2016-11-20 13:21:47 [INFO] [Multiverse-Core] 3 - World(s) loaded.
2016-11-20 13:37:48 [INFO] [Multiverse-Core] - Version 2.4-b527 (API v14) Enabled - By Rigby, fernferret, lithium3141 and main--
2016-11-20 13:37:48 [INFO] [Multiverse-Core] Loading World & Settings - 'world' - Env: NORMAL - Type: LARGE_BIOMES & seed: -5427568673442154093
2016-11-20 13:37:49 [INFO] [Multiverse-Core] Loading World & Settings - 'world_nether' - Env: NETHER - Type: NORMAL & seed: 8054917611563007154
2016-11-20 13:37:50 [INFO] [Multiverse-Core] Loading World & Settings - 'world_the_end' - Env: THE_END - Type: NORMAL & seed: 8054917611563007154
2016-11-20 13:37:50 [INFO] [Multiverse-Core] 3 - World(s) loaded.
2016-11-20 13:41:58 [INFO] [Multiverse-Core] - Version 2.4-b527 (API v14) Enabled - By Rigby, fernferret, lithium3141 and main--
2016-11-20 13:41:58 [INFO] [Multiverse-Core] Loading World & Settings - 'world' - Env: NORMAL - Type: LARGE_BIOMES & seed: -5427568673442154093
2016-11-20 13:41:58 [INFO] [Multiverse-Core] Loading World & Settings - 'world_nether' - Env: NETHER - Type: NORMAL & seed: 8054917611563007154
2016-11-20 13:41:58 [INFO] [Multiverse-Core] Loading World & Settings - 'world_the_end' - Env: THE_END - Type: NORMAL & seed: 8054917611563007154
2016-11-20 13:41:58 [INFO] [Multiverse-Core] 3 - World(s) loaded.
2016-11-20 13:50:42 [INFO] [Multiverse-Core] - Version 2.4-b527 (API v14) Enabled - By Rigby, fernferret, lithium3141 and main--
2016-11-20 13:50:42 [INFO] [Multiverse-Core] Loading World & Settings - 'world' - Env: NORMAL - Type: LARGE_BIOMES & seed: -5427568673442154093
2016-11-20 13:50:42 [INFO] [Multiverse-Core] Loading World & Settings - 'world_nether' - Env: NETHER - Type: NORMAL & seed: 8054917611563007154
2016-11-20 13:50:42 [INFO] [Multiverse-Core] Loading World & Settings - 'world_the_end' - Env: THE_END - Type: NORMAL & seed: 8054917611563007154
2016-11-20 13:50:42 [INFO] [Multiverse-Core] 3 - World(s) loaded.
2016-11-20 14:54:35 [INFO] [Multiverse-Core] - Version 2.4-b527 (API v14) Enabled - By Rigby, fernferret, lithium3141 and main--
2016-11-20 14:54:35 [INFO] [Multiverse-Core] Loading World & Settings - 'world' - Env: NORMAL - Type: LARGE_BIOMES & seed: -5427568673442154093
2016-11-20 14:54:35 [INFO] [Multiverse-Core] Loading World & Settings - 'world_nether' - Env: NETHER - Type: NORMAL & seed: 8054917611563007154
2016-11-20 14:54:35 [INFO] [Multiverse-Core] Loading World & Settings - 'world_the_end' - Env: THE_END - Type: NORMAL & seed: 8054917611563007154
2016-11-20 14:54:35 [INFO] [Multiverse-Core] 3 - World(s) loaded.
2016-12-16 23:08:49 [INFO] [Multiverse-Core] - Version 2.4-b527 (API v14) Enabled - By Rigby, fernferret, lithium3141 and main--
2016-12-16 23:08:49 [INFO] [Multiverse-Core] Loading World & Settings - 'world' - Env: NORMAL - Type: LARGE_BIOMES & seed: -5427568673442154093
2016-12-16 23:08:49 [INFO] [Multiverse-Core] Loading World & Settings - 'world_nether' - Env: NETHER - Type: NORMAL & seed: 8054917611563007154
2016-12-16 23:08:49 [INFO] [Multiverse-Core] Loading World & Settings - 'world_the_end' - Env: THE_END - Type: NORMAL & seed: 8054917611563007154
2016-12-16 23:08:49 [INFO] [Multiverse-Core] 3 - World(s) loaded.
2016-12-21 17:50:00 [INFO] [Multiverse-Core] - Version 2.4-b527 (API v14) Enabled - By Rigby, fernferret, lithium3141 and main--
2016-12-21 17:50:01 [INFO] [Multiverse-Core] Loading World & Settings - 'world' - Env: NORMAL - Type: LARGE_BIOMES & seed: -5427568673442154093
2016-12-21 17:50:01 [INFO] [Multiverse-Core] Loading World & Settings - 'world_nether' - Env: NETHER - Type: NORMAL & seed: 8054917611563007154
2016-12-21 17:50:01 [INFO] [Multiverse-Core] Loading World & Settings - 'world_the_end' - Env: THE_END - Type: NORMAL & seed: 8054917611563007154
2016-12-21 17:50:01 [INFO] [Multiverse-Core] 3 - World(s) loaded.
2016-12-21 17:55:20 [INFO] [Multiverse-Core] - Version 2.4-b527 (API v14) Enabled - By Rigby, fernferret, lithium3141 and main--
2016-12-21 17:55:20 [INFO] [Multiverse-Core] Loading World & Settings - 'world' - Env: NORMAL - Type: LARGE_BIOMES & seed: -5427568673442154093
2016-12-21 17:55:20 [INFO] [Multiverse-Core] Loading World & Settings - 'world_nether' - Env: NETHER - Type: NORMAL & seed: 8054917611563007154
2016-12-21 17:55:20 [INFO] [Multiverse-Core] Loading World & Settings - 'world_the_end' - Env: THE_END - Type: NORMAL & seed: 8054917611563007154
2016-12-21 17:55:20 [INFO] [Multiverse-Core] 3 - World(s) loaded.
2016-12-21 18:01:51 [INFO] [Multiverse-Core] - Version 2.4-b527 (API v14) Enabled - By Rigby, fernferret, lithium3141 and main--
2016-12-21 18:01:51 [INFO] [Multiverse-Core] Loading World & Settings - 'world' - Env: NORMAL - Type: LARGE_BIOMES & seed: -5427568673442154093
2016-12-21 18:01:52 [INFO] [Multiverse-Core] Loading World & Settings - 'world_nether' - Env: NETHER - Type: NORMAL & seed: 8054917611563007154
2016-12-21 18:01:53 [INFO] [Multiverse-Core] Loading World & Settings - 'world_the_end' - Env: THE_END - Type: NORMAL & seed: 8054917611563007154
2016-12-21 18:01:53 [INFO] [Multiverse-Core] 3 - World(s) loaded.
2016-12-21 18:08:26 [INFO] [Multiverse-Core] - Version 2.4-b527 (API v14) Enabled - By Rigby, fernferret, lithium3141 and main--
2016-12-21 18:08:26 [INFO] [Multiverse-Core] Loading World & Settings - 'world' - Env: NORMAL - Type: LARGE_BIOMES & seed: -5427568673442154093
2016-12-21 18:08:26 [INFO] [Multiverse-Core] Loading World & Settings - 'world_nether' - Env: NETHER - Type: NORMAL & seed: 8054917611563007154
2016-12-21 18:08:26 [INFO] [Multiverse-Core] Loading World & Settings - 'world_the_end' - Env: THE_END - Type: NORMAL & seed: 8054917611563007154
2016-12-21 18:08:26 [INFO] [Multiverse-Core] 3 - World(s) loaded.
